<?xml version="1.0" encoding="UTF-8"?>
<testng-results ignored="0" total="1" passed="1" failed="0" skipped="0">
  <reporter-output>
    <line>
      <![CDATA[Campaign is created]]>
    </line>
    <line>
      <![CDATA[campaign is edited successfully]]>
    </line>
    <line>
      <![CDATA[Campaign is deleted]]>
    </line>
  </reporter-output>
  <suite started-at="2023-02-07T14:58:47 IST" name="Default suite" finished-at="2023-02-07T14:59:21 IST" duration-ms="34139">
    <groups>
    </groups>
    <test started-at="2023-02-07T14:58:47 IST" name="Default test" finished-at="2023-02-07T14:59:21 IST" duration-ms="34139">
      <class name="com.crm.createCampaigns.CreateCampaignTest">
        <test-method is-config="true" signature="dbConfig()[pri:0, instance:com.crm.createCampaigns.CreateCampaignTest@306e95ec]" started-at="2023-02-07T14:58:47 IST" name="dbConfig" finished-at="2023-02-07T14:58:47 IST" duration-ms="6" status="PASS">
          <reporter-output>
          </reporter-output>
        </test-method> <!-- dbConfig -->
        <test-method is-config="true" signature="launchTheBrowser()[pri:0, instance:com.crm.createCampaigns.CreateCampaignTest@306e95ec]" started-at="2023-02-07T14:58:47 IST" name="launchTheBrowser" finished-at="2023-02-07T14:58:51 IST" duration-ms="4376" status="PASS">
          <reporter-output>
          </reporter-output>
        </test-method> <!-- launchTheBrowser -->
        <test-method is-config="true" signature="loginToAppln()[pri:0, instance:com.crm.createCampaigns.CreateCampaignTest@306e95ec]" started-at="2023-02-07T14:58:51 IST" name="loginToAppln" finished-at="2023-02-07T14:58:55 IST" duration-ms="3232" status="PASS">
          <reporter-output>
          </reporter-output>
        </test-method> <!-- loginToAppln -->
        <test-method signature="createCampaignTest()[pri:0, instance:com.crm.createCampaigns.CreateCampaignTest@306e95ec]" started-at="2023-02-07T14:58:55 IST" name="createCampaignTest" finished-at="2023-02-07T14:59:19 IST" duration-ms="24197" status="PASS">
          <reporter-output>
            <line>
              <![CDATA[Campaign is created]]>
            </line>
            <line>
              <![CDATA[campaign is edited successfully]]>
            </line>
            <line>
              <![CDATA[Campaign is deleted]]>
            </line>
          </reporter-output>
        </test-method> <!-- createCampaignTest -->
        <test-method is-config="true" signature="logoutFromAppln()[pri:0, instance:com.crm.createCampaigns.CreateCampaignTest@306e95ec]" started-at="2023-02-07T14:59:19 IST" name="logoutFromAppln" finished-at="2023-02-07T14:59:21 IST" duration-ms="2105" status="PASS">
          <reporter-output>
          </reporter-output>
        </test-method> <!-- logoutFromAppln -->
        <test-method is-config="true" signature="closeTheBrowser()[pri:0, instance:com.crm.createCampaigns.CreateCampaignTest@306e95ec]" started-at="2023-02-07T14:59:21 IST" name="closeTheBrowser" finished-at="2023-02-07T14:59:21 IST" duration-ms="195" status="PASS">
          <reporter-output>
          </reporter-output>
        </test-method> <!-- closeTheBrowser -->
        <test-method is-config="true" signature="closeDBconfig()[pri:0, instance:com.crm.createCampaigns.CreateCampaignTest@306e95ec]" started-at="2023-02-07T14:59:21 IST" name="closeDBconfig" finished-at="2023-02-07T14:59:21 IST" duration-ms="1" status="PASS">
          <reporter-output>
          </reporter-output>
        </test-method> <!-- closeDBconfig -->
      </class> <!-- com.crm.createCampaigns.CreateCampaignTest -->
    </test> <!-- Default test -->
  </suite> <!-- Default suite -->
</testng-results>
